Thu Jan 04 2018 18:24:04 GMT-0800 (PST): GET /about
Thu Jan 04 2018 18:24:07 GMT-0800 (PST): GET /
Thu Jan 04 2018 18:28:57 GMT-0800 (PST): GET /
Thu Jan 04 2018 18:29:04 GMT-0800 (PST): GET /
Thu Jan 04 2018 18:29:24 GMT-0800 (PST): GET /help
Thu Jan 04 2018 18:30:21 GMT-0800 (PST): GET /help.html
Thu Jan 04 2018 18:30:49 GMT-0800 (PST): GET /help.html
Thu Jan 04 2018 18:30:53 GMT-0800 (PST): GET /
Thu Jan 04 2018 18:30:55 GMT-0800 (PST): GET /about
Thu Jan 04 2018 18:30:55 GMT-0800 (PST): GET /
Thu Jan 04 2018 21:26:00 GMT-0800 (PST): GET /
Thu Jan 04 2018 21:42:10 GMT-0800 (PST): GET /
Thu Jan 04 2018 21:42:12 GMT-0800 (PST): GET /projects
Thu Jan 04 2018 21:42:47 GMT-0800 (PST): GET /projects
Thu Jan 04 2018 21:42:57 GMT-0800 (PST): GET /about
Thu Jan 04 2018 21:42:57 GMT-0800 (PST): GET /projects
Thu Jan 04 2018 21:43:49 GMT-0800 (PST): GET /projects
Thu Jan 04 2018 21:44:16 GMT-0800 (PST): GET /about
Thu Jan 04 2018 21:44:17 GMT-0800 (PST): GET /
Thu Jan 04 2018 21:44:18 GMT-0800 (PST): GET /projects
Thu Jan 04 2018 21:44:18 GMT-0800 (PST): GET /projects
Thu Jan 04 2018 21:44:19 GMT-0800 (PST): GET /projects
Thu Jan 04 2018 21:44:19 GMT-0800 (PST): GET /projects
Thu Jan 04 2018 21:44:19 GMT-0800 (PST): GET /projects
Thu Jan 04 2018 21:44:19 GMT-0800 (PST): GET /projects
Thu Jan 04 2018 21:44:19 GMT-0800 (PST): GET /projects
Thu Jan 04 2018 21:44:39 GMT-0800 (PST): GET /projects
